
[2026-04-13 21:46:51] Ejecución de generar_redaccion.py
  ✓ fuentes/catalogo_fuentes.md
  ✓ trabajo/periodos/nodo-001-ocupacion-prehispanica-del-territorio-de.md
  ✓ mapa/personajes.md

[2026-04-13 21:47:51] Ejecución de generar_redaccion.py
  ✓ fuentes/catalogo_fuentes.md
  ✓ trabajo/periodos/nodo-nodo-001-ocupacion-prehispanica-del-territorio-de.md
  ✓ trabajo/periodos/nodo-nodo-002-la-conquista-espanola-en-los-chenes-y-la.md
  ✓ trabajo/periodos/nodo-nodo-003-colonia-tardia-independencia-guerra-de.md
  ✓ trabajo/periodos/nodo-nodo-004-revolucion-lucha-antiagraria-reforma-a.md
  ✓ trabajo/periodos/nodo-nodo-005-hopelchen-contemporaneo-1970-2026-men.md
  ✓ trabajo/periodos/nodo-nodo-006-la-genealogia-del-poder-politico-local-e.md
  ✓ trabajo/periodos/nodo-nodo-007-rutas-territorio-y-control-del-espacio.md
  ✓ trabajo/periodos/nodo-nodo-008-demografia-e-historia-de-la-poblacion-en.md
  ✓ trabajo/periodos/nodo-nodo-009-resistencia-y-agencia-maya-en-hopelchen.md
  ✓ trabajo/periodos/nodo-nodo-010-conocimiento-y-cultura-maya-en-los-chene.md
  ✓ mapa/personajes.md
  ✓ trabajo/indice.md
  ✓ fuentes/mapa_citas.md
  ✓ datos/VACIOS.md

[2026-04-14 00:15:44] Ejecución de generar_redaccion.py
  ✓ fuentes/catalogo_fuentes.md
  ✓ trabajo/periodos/nodo-001-ocupacion-prehispanica-del-territorio-de.md
  ✓ trabajo/periodos/nodo-002-la-conquista-espanola-en-los-chenes-y-la.md
  ✓ trabajo/periodos/nodo-003-colonia-tardia-independencia-guerra-de.md
  ✓ trabajo/periodos/nodo-004-revolucion-lucha-antiagraria-reforma-a.md
  ✓ trabajo/periodos/nodo-005-hopelchen-contemporaneo-1970-2026-men.md
  ✓ trabajo/periodos/nodo-006-la-genealogia-del-poder-politico-local-e.md
  ✓ trabajo/periodos/nodo-007-rutas-territorio-y-control-del-espacio.md
  ✓ trabajo/periodos/nodo-008-demografia-e-historia-de-la-poblacion-en.md
  ✓ trabajo/periodos/nodo-009-resistencia-y-agencia-maya-en-hopelchen.md
  ✓ trabajo/periodos/nodo-010-conocimiento-y-cultura-maya-en-los-chene.md
  ✓ mapa/personajes.md
  ✓ trabajo/indice.md
  ✓ fuentes/mapa_citas.md
  ✓ datos/VACIOS.md

[2026-04-14 00:15:55] Ejecución de generar_redaccion.py
  ✓ fuentes/catalogo_fuentes.md
  ✓ trabajo/periodos/nodo-001-ocupacion-prehispanica-del-territorio-de.md
  ✓ trabajo/periodos/nodo-002-la-conquista-espanola-en-los-chenes-y-la.md
  ✓ trabajo/periodos/nodo-003-colonia-tardia-independencia-guerra-de.md
  ✓ trabajo/periodos/nodo-004-revolucion-lucha-antiagraria-reforma-a.md
  ✓ trabajo/periodos/nodo-005-hopelchen-contemporaneo-1970-2026-men.md
  ✓ trabajo/periodos/nodo-006-la-genealogia-del-poder-politico-local-e.md
  ✓ trabajo/periodos/nodo-007-rutas-territorio-y-control-del-espacio.md
  ✓ trabajo/periodos/nodo-008-demografia-e-historia-de-la-poblacion-en.md
  ✓ trabajo/periodos/nodo-009-resistencia-y-agencia-maya-en-hopelchen.md
  ✓ trabajo/periodos/nodo-010-conocimiento-y-cultura-maya-en-los-chene.md
  ✓ mapa/personajes.md
  ✓ trabajo/indice.md
  ✓ fuentes/mapa_citas.md
  ✓ datos/VACIOS.md

[2026-04-14 00:17:14] Ejecución de generar_redaccion.py
  ✓ fuentes/catalogo_fuentes.md
  ✓ trabajo/periodos/nodo-001-ocupacion-prehispanica-del-territorio-de.md
  ✓ trabajo/periodos/nodo-002-la-conquista-espanola-en-los-chenes-y-la.md
  ✓ trabajo/periodos/nodo-003-colonia-tardia-independencia-guerra-de.md
  ✓ trabajo/periodos/nodo-004-revolucion-lucha-antiagraria-reforma-a.md
  ✓ trabajo/periodos/nodo-005-hopelchen-contemporaneo-1970-2026-men.md
  ✓ trabajo/periodos/nodo-006-la-genealogia-del-poder-politico-local-e.md
  ✓ trabajo/periodos/nodo-007-rutas-territorio-y-control-del-espacio.md
  ✓ trabajo/periodos/nodo-008-demografia-e-historia-de-la-poblacion-en.md
  ✓ trabajo/periodos/nodo-009-resistencia-y-agencia-maya-en-hopelchen.md
  ✓ trabajo/periodos/nodo-010-conocimiento-y-cultura-maya-en-los-chene.md
  ✓ mapa/personajes.md
  ✓ trabajo/indice.md
  ✓ fuentes/mapa_citas.md
  ✓ datos/VACIOS.md

[2026-04-14 00:17:31] Ejecución de generar_redaccion.py
  ✓ fuentes/catalogo_fuentes.md
  ✓ trabajo/periodos/nodo-001-ocupacion-prehispanica-del-territorio-de.md
  ✓ trabajo/periodos/nodo-002-la-conquista-espanola-en-los-chenes-y-la.md
  ✓ trabajo/periodos/nodo-003-colonia-tardia-independencia-guerra-de.md
  ✓ trabajo/periodos/nodo-004-revolucion-lucha-antiagraria-reforma-a.md
  ✓ trabajo/periodos/nodo-005-hopelchen-contemporaneo-1970-2026-men.md
  ✓ trabajo/periodos/nodo-006-la-genealogia-del-poder-politico-local-e.md
  ✓ trabajo/periodos/nodo-007-rutas-territorio-y-control-del-espacio.md
  ✓ trabajo/periodos/nodo-008-demografia-e-historia-de-la-poblacion-en.md
  ✓ trabajo/periodos/nodo-009-resistencia-y-agencia-maya-en-hopelchen.md
  ✓ trabajo/periodos/nodo-010-conocimiento-y-cultura-maya-en-los-chene.md
  ✓ mapa/personajes.md
  ✓ trabajo/indice.md
  ✓ fuentes/mapa_citas.md
  ✓ datos/VACIOS.md
